Library/Bee/Android/Prj/Mono2x/Gradle/unityLibrary/build/intermediates/manifest_merge_blame_file/release/manifest-merger-blame-release-report.txt
1<?xml version="1.0" encoding="utf-8"?>
2<manifest xmlns:android="http://schemas.android.com/apk/res/android"
3    xmlns:tools="http://schemas.android.com/tools"
4    package="com.unity3d.player"
5    android:installLocation="preferExternal" >
6
7    <uses-sdk
8        android:minSdkVersion="22"
8-->src\main\AndroidManifest.xml
9        android:targetSdkVersion="32" />
9-->src\main\AndroidManifest.xml
10
11    <uses-permission android:name="android.permission.BLUETOOTH" />
11-->src\main\AndroidManifest.xml:3:3-66
11-->src\main\AndroidManifest.xml:3:20-63
12    <uses-permission android:name="android.permission.BLUETOOTH_ADMIN" />
12-->src\main\AndroidManifest.xml:4:3-72
12-->src\main\AndroidManifest.xml:4:20-69
13    <uses-permission android:name="android.permission.ACCESS_COARSE_LOCATION" />
13-->src\main\AndroidManifest.xml:5:3-79
13-->src\main\AndroidManifest.xml:5:20-76
14
15    <uses-feature
15-->src\main\AndroidManifest.xml:6:3-88
16        android:name="android.hardware.bluetooth_le"
16-->src\main\AndroidManifest.xml:6:17-61
17        android:required="true" />
17-->src\main\AndroidManifest.xml:6:62-85
18    <uses-feature android:glEsVersion="0x00030000" />
18-->src\main\AndroidManifest.xml:7:3-52
18-->src\main\AndroidManifest.xml:7:17-49
19    <uses-feature
19-->src\main\AndroidManifest.xml:8:3-91
20        android:name="android.hardware.vulkan.version"
20-->src\main\AndroidManifest.xml:8:17-63
21        android:required="false" />
21-->src\main\AndroidManifest.xml:8:64-88
22    <uses-feature
22-->src\main\AndroidManifest.xml:9:3-88
23        android:name="android.hardware.touchscreen"
23-->src\main\AndroidManifest.xml:9:17-60
24        android:required="false" />
24-->src\main\AndroidManifest.xml:9:61-85
25    <uses-feature
25-->src\main\AndroidManifest.xml:10:3-99
26        android:name="android.hardware.touchscreen.multitouch"
26-->src\main\AndroidManifest.xml:10:17-71
27        android:required="false" />
27-->src\main\AndroidManifest.xml:10:72-96
28    <uses-feature
28-->src\main\AndroidManifest.xml:11:3-108
29        android:name="android.hardware.touchscreen.multitouch.distinct"
29-->src\main\AndroidManifest.xml:11:17-80
30        android:required="false" />
30-->src\main\AndroidManifest.xml:11:81-105
31
32    <supports-screens
32-->src\main\AndroidManifest.xml:29:3-163
33        android:anyDensity="true"
33-->src\main\AndroidManifest.xml:29:135-160
34        android:largeScreens="true"
34-->src\main\AndroidManifest.xml:29:78-105
35        android:normalScreens="true"
35-->src\main\AndroidManifest.xml:29:49-77
36        android:smallScreens="true"
36-->src\main\AndroidManifest.xml:29:21-48
37        android:xlargeScreens="true" />
37-->src\main\AndroidManifest.xml:29:106-134
38
39    <application
39-->src\main\AndroidManifest.xml:12:3-28:17
40        android:extractNativeLibs="true"
40-->src\main\AndroidManifest.xml:12:123-155
41        android:icon="@mipmap/app_icon"
41-->src\main\AndroidManifest.xml:12:58-89
42        android:label="@string/app_name"
42-->src\main\AndroidManifest.xml:12:90-122
43        android:theme="@style/UnityThemeSelector" >
43-->src\main\AndroidManifest.xml:12:16-57
44        <meta-data
44-->src\main\AndroidManifest.xml:13:5-69
45            android:name="unity.splash-mode"
45-->src\main\AndroidManifest.xml:13:16-48
46            android:value="0" />
46-->src\main\AndroidManifest.xml:13:49-66
47        <meta-data
47-->src\main\AndroidManifest.xml:14:5-74
48            android:name="unity.splash-enable"
48-->src\main\AndroidManifest.xml:14:16-50
49            android:value="True" />
49-->src\main\AndroidManifest.xml:14:51-71
50        <meta-data
50-->src\main\AndroidManifest.xml:15:5-78
51            android:name="unity.launch-fullscreen"
51-->src\main\AndroidManifest.xml:15:16-54
52            android:value="True" />
52-->src\main\AndroidManifest.xml:15:55-75
53        <meta-data
53-->src\main\AndroidManifest.xml:16:5-84
54            android:name="unity.allow-resizable-window"
54-->src\main\AndroidManifest.xml:16:16-59
55            android:value="False" />
55-->src\main\AndroidManifest.xml:16:60-81
56        <meta-data
56-->src\main\AndroidManifest.xml:17:5-81
57            android:name="notch.config"
57-->src\main\AndroidManifest.xml:17:16-43
58            android:value="portrait|landscape" />
58-->src\main\AndroidManifest.xml:17:44-78
59        <meta-data
59-->src\main\AndroidManifest.xml:18:5-84
60            android:name="unity.auto-report-fully-drawn"
60-->src\main\AndroidManifest.xml:18:16-60
61            android:value="true" />
61-->src\main\AndroidManifest.xml:18:61-81
62
63        <activity
63-->src\main\AndroidManifest.xml:19:5-27:16
64            android:name="com.unity3d.player.UnityPlayerActivity"
64-->src\main\AndroidManifest.xml:19:15-68
65            android:configChanges="mcc|mnc|locale|touchscreen|keyboard|keyboardHidden|navigation|orientation|screenLayout|uiMode|screenSize|smallestScreenSize|fontScale|layoutDirection|density"
65-->src\main\AndroidManifest.xml:19:171-352
66            android:exported="true"
66-->src\main\AndroidManifest.xml:19:424-447
67            android:hardwareAccelerated="false"
67-->src\main\AndroidManifest.xml:19:388-423
68            android:label="@string/app_name"
68-->src\main\AndroidManifest.xml:19:69-101
69            android:launchMode="singleTask"
69-->src\main\AndroidManifest.xml:19:139-170
70            android:resizeableActivity="false"
70-->src\main\AndroidManifest.xml:19:353-387
71            android:screenOrientation="fullUser" >
71-->src\main\AndroidManifest.xml:19:102-138
72            <intent-filter>
72-->src\main\AndroidManifest.xml:20:7-24:23
73                <category android:name="android.intent.category.LAUNCHER" />
73-->src\main\AndroidManifest.xml:21:9-69
73-->src\main\AndroidManifest.xml:21:19-66
74
75                <action android:name="android.intent.action.MAIN" />
75-->src\main\AndroidManifest.xml:22:9-61
75-->src\main\AndroidManifest.xml:22:17-58
76                <action android:name="android.bluetooth.device.action.ACL_DISCONNECTED" />
76-->src\main\AndroidManifest.xml:23:9-83
76-->src\main\AndroidManifest.xml:23:17-80
77            </intent-filter>
78
79            <meta-data
79-->src\main\AndroidManifest.xml:25:7-82
80                android:name="unityplayer.UnityActivity"
80-->src\main\AndroidManifest.xml:25:18-58
81                android:value="true" />
81-->src\main\AndroidManifest.xml:25:59-79
82            <meta-data
82-->src\main\AndroidManifest.xml:26:7-70
83                android:name="notch_support"
83-->src\main\AndroidManifest.xml:26:18-46
84                android:value="true" />
84-->src\main\AndroidManifest.xml:26:47-67
85        </activity>
86    </application>
87
88</manifest>